Determining if the pthread_create exist failed with the following output:
Change Dir: /home/spacekookie/Projects/personal/reedb-new/build/CMakeFiles/CMakeTmp

Run Build Command:"/usr/bin/gmake" "cmTC_e90d3/fast"
/usr/bin/gmake -f CMakeFiles/cmTC_e90d3.dir/build.make CMakeFiles/cmTC_e90d3.dir/build
gmake[1]: Entering directory '/home/spacekookie/Projects/personal/reedb-new/build/CMakeFiles/CMakeTmp'
Building C object CMakeFiles/cmTC_e90d3.dir/CheckSymbolExists.c.o
/usr/bin/cc     -o CMakeFiles/cmTC_e90d3.dir/CheckSymbolExists.c.o   -c /home/spacekookie/Projects/personal/reedb-new/build/CMakeFiles/CMakeTmp/CheckSymbolExists.c
Linking C executable cmTC_e90d3
/usr/bin/cmake -E cmake_link_script CMakeFiles/cmTC_e90d3.dir/link.txt --verbose=1
/usr/bin/cc       CMakeFiles/cmTC_e90d3.dir/CheckSymbolExists.c.o  -o cmTC_e90d3 -rdynamic 
CMakeFiles/cmTC_e90d3.dir/CheckSymbolExists.c.o: In function `main':
CheckSymbolExists.c:(.text+0x16): undefined reference to `pthread_create'
collect2: error: ld returned 1 exit status
CMakeFiles/cmTC_e90d3.dir/build.make:97: recipe for target 'cmTC_e90d3' failed
gmake[1]: *** [cmTC_e90d3] Error 1
gmake[1]: Leaving directory '/home/spacekookie/Projects/personal/reedb-new/build/CMakeFiles/CMakeTmp'
Makefile:126: recipe for target 'cmTC_e90d3/fast' failed
gmake: *** [cmTC_e90d3/fast] Error 2

File /home/spacekookie/Projects/personal/reedb-new/build/CMakeFiles/CMakeTmp/CheckSymbolExists.c:
/* */
#include <pthread.h>

int main(int argc, char** argv)
{
  (void)argv;
#ifndef pthread_create
  return ((int*)(&pthread_create))[argc];
#else
  (void)argc;
  return 0;
#endif
}

Determining if the function pthread_create exists in the pthreads failed with the following output:
Change Dir: /home/spacekookie/Projects/personal/reedb-new/build/CMakeFiles/CMakeTmp

Run Build Command:"/usr/bin/gmake" "cmTC_c731d/fast"
/usr/bin/gmake -f CMakeFiles/cmTC_c731d.dir/build.make CMakeFiles/cmTC_c731d.dir/build
gmake[1]: Entering directory '/home/spacekookie/Projects/personal/reedb-new/build/CMakeFiles/CMakeTmp'
Building C object CMakeFiles/cmTC_c731d.dir/CheckFunctionExists.c.o
/usr/bin/cc    -DCHECK_FUNCTION_EXISTS=pthread_create   -o CMakeFiles/cmTC_c731d.dir/CheckFunctionExists.c.o   -c /usr/share/cmake/Modules/CheckFunctionExists.c
Linking C executable cmTC_c731d
/usr/bin/cmake -E cmake_link_script CMakeFiles/cmTC_c731d.dir/link.txt --verbose=1
/usr/bin/cc   -DCHECK_FUNCTION_EXISTS=pthread_create    CMakeFiles/cmTC_c731d.dir/CheckFunctionExists.c.o  -o cmTC_c731d -rdynamic -lpthreads 
/usr/bin/ld: cannot find -lpthreads
collect2: error: ld returned 1 exit status
CMakeFiles/cmTC_c731d.dir/build.make:97: recipe for target 'cmTC_c731d' failed
gmake[1]: *** [cmTC_c731d] Error 1
gmake[1]: Leaving directory '/home/spacekookie/Projects/personal/reedb-new/build/CMakeFiles/CMakeTmp'
Makefile:126: recipe for target 'cmTC_c731d/fast' failed
gmake: *** [cmTC_c731d/fast] Error 2


