This file contains any messages produced by compilers while
running configure, to aid debugging if configure makes a mistake.

It was created by gdsl configure 1.8, which was
generated by GNU Autoconf 2.68.  Invocation command line was

  $ ./configure 

## --------- ##
## Platform. ##
## --------- ##

hostname = Idenna
uname -m = x86_64
uname -r = 4.1.4-200.fc22.x86_64
uname -s = Linux
uname -v = #1 SMP Tue Aug 4 03:22:33 UTC 2015

/usr/bin/uname -p = x86_64
/bin/uname -X     = unknown

/bin/arch              = x86_64
/usr/bin/arch -k       = unknown
/usr/convex/getsysinfo = unknown
/usr/bin/hostinfo      = unknown
/bin/machine           = unknown
/usr/bin/oslevel       = unknown
/bin/universe          = unknown

PATH: /usr/local/bin
PATH: /usr/bin
PATH: /bin


## ----------- ##
## Core tests. ##
## ----------- ##

configure:2285: checking for a BSD-compatible install
configure:2353: result: /usr/bin/install -c
configure:2364: checking whether build environment is sane
configure:2414: result: yes
configure:2555: checking for a thread-safe mkdir -p
configure:2594: result: /usr/bin/mkdir -p
configure:2607: checking for gawk
configure:2623: found /usr/bin/gawk
configure:2634: result: gawk
configure:2645: checking whether make sets $(MAKE)
configure:2667: result: yes
configure:2754: checking build system type
configure:2768: result: x86_64-unknown-linux-gnu
configure:2788: checking host system type
configure:2801: result: x86_64-unknown-linux-gnu
configure:2878: checking for gcc
configure:2894: found /usr/bin/gcc
configure:2905: result: gcc
configure:3134: checking for C compiler version
configure:3143: gcc --version >&5
gcc (GCC) 5.1.1 20150618 (Red Hat 5.1.1-4)
Copyright (C) 2015 Free Software Foundation, Inc.
This is free software; see the source for copying conditions.  There is NO
warranty; not even for MERCHANTABILITY or FITNESS FOR A PARTICULAR PURPOSE.

configure:3154: $? = 0
configure:3143: gcc -v >&5
Using built-in specs.
COLLECT_GCC=gcc
COLLECT_LTO_WRAPPER=/usr/libexec/gcc/x86_64-redhat-linux/5.1.1/lto-wrapper
Target: x86_64-redhat-linux
Configured with: ../configure --enable-bootstrap --enable-languages=c,c++,objc,obj-c++,fortran,ada,go,lto --prefix=/usr --mandir=/usr/share/man --infodir=/usr/share/info --with-bugurl=http://bugzilla.redhat.com/bugzilla --enable-shared --enable-threads=posix --enable-checking=release --enable-multilib --with-system-zlib --enable-__cxa_atexit --disable-libunwind-exceptions --enable-gnu-unique-object --enable-linker-build-id --with-linker-hash-style=gnu --enable-plugin --enable-initfini-array --disable-libgcj --with-default-libstdcxx-abi=c++98 --with-isl --enable-libmpx --enable-gnu-indirect-function --with-tune=generic --with-arch_32=i686 --build=x86_64-redhat-linux
Thread model: posix
gcc version 5.1.1 20150618 (Red Hat 5.1.1-4) (GCC) 
configure:3154: $? = 0
configure:3143: gcc -V >&5
gcc: error: unrecognized command line option '-V'
gcc: fatal error: no input files
compilation terminated.
configure:3154: $? = 1
configure:3143: gcc -qversion >&5
gcc: error: unrecognized command line option '-qversion'
gcc: fatal error: no input files
compilation terminated.
configure:3154: $? = 1
configure:3174: checking whether the C compiler works
configure:3196: gcc    conftest.c  >&5
configure:3200: $? = 0
configure:3248: result: yes
configure:3251: checking for C compiler default output file name
configure:3253: result: a.out
configure:3259: checking for suffix of executables
configure:3266: gcc -o conftest    conftest.c  >&5
configure:3270: $? = 0
configure:3292: result: 
configure:3314: checking whether we are cross compiling
configure:3322: gcc -o conftest    conftest.c  >&5
configure:3326: $? = 0
configure:3333: ./conftest
configure:3337: $? = 0
configure:3352: result: no
configure:3357: checking for suffix of object files
configure:3379: gcc -c   conftest.c >&5
configure:3383: $? = 0
configure:3404: result: o
configure:3408: checking whether we are using the GNU C compiler
configure:3427: gcc -c   conftest.c >&5
configure:3427: $? = 0
configure:3436: result: yes
configure:3445: checking whether gcc accepts -g
configure:3465: gcc -c -g  conftest.c >&5
configure:3465: $? = 0
configure:3506: result: yes
configure:3523: checking for gcc option to accept ISO C89
configure:3587: gcc  -c -g -O2  conftest.c >&5
configure:3587: $? = 0
configure:3600: result: none needed
configure:3631: checking for style of include used by make
configure:3659: result: GNU
configure:3685: checking dependency style of gcc
configure:3796: result: gcc3
configure:3815: checking for gawk
configure:3842: result: gawk
configure:3858: checking how to run the C preprocessor
configure:3889: gcc -E  conftest.c
configure:3889: $? = 0
configure:3903: gcc -E  conftest.c
conftest.c:11:28: fatal error: ac_nonexistent.h: No such file or directory
compilation terminated.
configure:3903: $? = 1
configure: failed program was:
| /* confdefs.h */
| #define PACKAGE_NAME "gdsl"
| #define PACKAGE_TARNAME "gdsl"
| #define PACKAGE_VERSION "1.8"
| #define PACKAGE_STRING "gdsl 1.8"
| #define PACKAGE_BUGREPORT "ndarnis@free.fr"
| #define PACKAGE_URL ""
| #define PACKAGE "gdsl"
| #define VERSION "1.8"
| /* end confdefs.h.  */
| #include <ac_nonexistent.h>
configure:3928: result: gcc -E
configure:3948: gcc -E  conftest.c
configure:3948: $? = 0
configure:3962: gcc -E  conftest.c
conftest.c:11:28: fatal error: ac_nonexistent.h: No such file or directory
compilation terminated.
configure:3962: $? = 1
configure: failed program was:
| /* confdefs.h */
| #define PACKAGE_NAME "gdsl"
| #define PACKAGE_TARNAME "gdsl"
| #define PACKAGE_VERSION "1.8"
| #define PACKAGE_STRING "gdsl 1.8"
| #define PACKAGE_BUGREPORT "ndarnis@free.fr"
| #define PACKAGE_URL ""
| #define PACKAGE "gdsl"
| #define VERSION "1.8"
| /* end confdefs.h.  */
| #include <ac_nonexistent.h>
configure:3991: checking whether ln -s works
configure:3995: result: yes
configure:4002: checking whether make sets $(MAKE)
configure:4024: result: yes
configure:4076: checking for ranlib
configure:4092: found /usr/bin/ranlib
configure:4103: result: ranlib
configure:4171: checking how to print strings
configure:4198: result: printf
configure:4219: checking for a sed that does not truncate output
configure:4283: result: /usr/bin/sed
configure:4301: checking for grep that handles long lines and -e
configure:4359: result: /usr/bin/grep
configure:4364: checking for egrep
configure:4426: result: /usr/bin/grep -E
configure:4431: checking for fgrep
configure:4493: result: /usr/bin/grep -F
configure:4528: checking for ld used by gcc
configure:4595: result: /usr/bin/ld
configure:4602: checking if the linker (/usr/bin/ld) is GNU ld
configure:4617: result: yes
configure:4629: checking for BSD- or MS-compatible name lister (nm)
configure:4678: result: /usr/bin/nm -B
configure:4808: checking the name lister (/usr/bin/nm -B) interface
configure:4815: gcc -c -g -O2  conftest.c >&5
configure:4818: /usr/bin/nm -B "conftest.o"
configure:4821: output
0000000000000000 B some_variable
configure:4828: result: BSD nm
configure:4832: checking the maximum length of command line arguments
configure:4962: result: 1572864
configure:4979: checking whether the shell understands some XSI constructs
configure:4989: result: yes
configure:4993: checking whether the shell understands "+="
configure:4999: result: yes
configure:5034: checking how to convert x86_64-unknown-linux-gnu file names to x86_64-unknown-linux-gnu format
configure:5074: result: func_convert_file_noop
configure:5081: checking how to convert x86_64-unknown-linux-gnu file names to toolchain format
configure:5101: result: func_convert_file_noop
configure:5108: checking for /usr/bin/ld option to reload object files
configure:5115: result: -r
configure:5189: checking for objdump
configure:5205: found /usr/bin/objdump
configure:5216: result: objdump
configure:5248: checking how to recognize dependent libraries
configure:5450: result: pass_all
configure:5535: checking for dlltool
configure:5565: result: no
configure:5595: checking how to associate runtime and link libraries
configure:5622: result: printf %s\n
configure:5683: checking for ar
configure:5699: found /usr/bin/ar
configure:5710: result: ar
configure:5747: checking for archiver @FILE support
configure:5764: gcc -c -g -O2  conftest.c >&5
configure:5764: $? = 0
configure:5767: ar cru libconftest.a @conftest.lst >&5
ar: `u' modifier ignored since `D' is the default (see `U')
configure:5770: $? = 0
configure:5775: ar cru libconftest.a @conftest.lst >&5
ar: `u' modifier ignored since `D' is the default (see `U')
ar: conftest.o: No such file or directory
configure:5778: $? = 1
configure:5790: result: @
configure:5848: checking for strip
configure:5864: found /usr/bin/strip
configure:5875: result: strip
configure:5947: checking for ranlib
configure:5974: result: ranlib
configure:6076: checking command to parse /usr/bin/nm -B output from gcc object
configure:6196: gcc -c -g -O2  conftest.c >&5
configure:6199: $? = 0
configure:6203: /usr/bin/nm -B conftest.o \| sed -n -e 's/^.*[ ]\([ABCDGIRSTW][ABCDGIRSTW]*\)[ ][ ]*\([_A-Za-z][_A-Za-z0-9]*\)$/\1 \2 \2/p' | sed '/ __gnu_lto/d' \> conftest.nm
configure:6206: $? = 0
configure:6272: gcc -o conftest -g -O2   conftest.c conftstm.o >&5
configure:6275: $? = 0
configure:6313: result: ok
configure:6350: checking for sysroot
configure:6380: result: no
configure:6457: gcc -c -g -O2  conftest.c >&5
configure:6460: $? = 0
configure:6636: checking for mt
configure:6666: result: no
configure:6686: checking if : is a manifest tool
configure:6692: : '-?'
configure:6700: result: no
configure:7338: checking for ANSI C header files
configure:7358: gcc -c -g -O2  conftest.c >&5
configure:7358: $? = 0
configure:7431: gcc -o conftest -g -O2   conftest.c  >&5
configure:7431: $? = 0
configure:7431: ./conftest
configure:7431: $? = 0
configure:7442: result: yes
configure:7455: checking for sys/types.h
configure:7455: gcc -c -g -O2  conftest.c >&5
configure:7455: $? = 0
configure:7455: result: yes
configure:7455: checking for sys/stat.h
configure:7455: gcc -c -g -O2  conftest.c >&5
configure:7455: $? = 0
configure:7455: result: yes
configure:7455: checking for stdlib.h
configure:7455: gcc -c -g -O2  conftest.c >&5
configure:7455: $? = 0
configure:7455: result: yes
configure:7455: checking for string.h
configure:7455: gcc -c -g -O2  conftest.c >&5
configure:7455: $? = 0
configure:7455: result: yes
configure:7455: checking for memory.h
configure:7455: gcc -c -g -O2  conftest.c >&5
configure:7455: $? = 0
configure:7455: result: yes
configure:7455: checking for strings.h
configure:7455: gcc -c -g -O2  conftest.c >&5
configure:7455: $? = 0
configure:7455: result: yes
configure:7455: checking for inttypes.h
configure:7455: gcc -c -g -O2  conftest.c >&5
configure:7455: $? = 0
configure:7455: result: yes
configure:7455: checking for stdint.h
configure:7455: gcc -c -g -O2  conftest.c >&5
configure:7455: $? = 0
configure:7455: result: yes
configure:7455: checking for unistd.h
configure:7455: gcc -c -g -O2  conftest.c >&5
configure:7455: $? = 0
configure:7455: result: yes
configure:7469: checking for dlfcn.h
configure:7469: gcc -c -g -O2  conftest.c >&5
configure:7469: $? = 0
configure:7469: result: yes
configure:7675: checking for objdir
configure:7690: result: .libs
configure:7957: checking if gcc supports -fno-rtti -fno-exceptions
configure:7975: gcc -c -g -O2  -fno-rtti -fno-exceptions conftest.c >&5
cc1: warning: command line option '-fno-rtti' is valid for C++/ObjC++ but not for C
configure:7979: $? = 0
configure:7992: result: no
configure:8319: checking for gcc option to produce PIC
configure:8326: result: -fPIC -DPIC
configure:8334: checking if gcc PIC flag -fPIC -DPIC works
configure:8352: gcc -c -g -O2  -fPIC -DPIC -DPIC conftest.c >&5
configure:8356: $? = 0
configure:8369: result: yes
configure:8398: checking if gcc static flag -static works
configure:8426: result: yes
configure:8441: checking if gcc supports -c -o file.o
configure:8462: gcc -c -g -O2  -o out/conftest2.o conftest.c >&5
configure:8466: $? = 0
configure:8488: result: yes
configure:8496: checking if gcc supports -c -o file.o
configure:8543: result: yes
configure:8576: checking whether the gcc linker (/usr/bin/ld -m elf_x86_64) supports shared libraries
configure:9733: result: yes
configure:9770: checking whether -lc should be explicitly linked in
configure:9778: gcc -c -g -O2  conftest.c >&5
configure:9781: $? = 0
configure:9796: gcc -shared  -fPIC -DPIC conftest.o  -v -Wl,-soname -Wl,conftest -o conftest 2\>\&1 \| /usr/bin/grep  -lc  \>/dev/null 2\>\&1
configure:9799: $? = 0
configure:9813: result: no
configure:9973: checking dynamic linker characteristics
configure:10484: gcc -o conftest -g -O2   -Wl,-rpath -Wl,/foo conftest.c  >&5
configure:10484: $? = 0
configure:10718: result: GNU/Linux ld.so
configure:10825: checking how to hardcode library paths into programs
configure:10850: result: immediate
configure:11390: checking whether stripping libraries is possible
configure:11395: result: yes
configure:11430: checking if libtool supports shared libraries
configure:11432: result: yes
configure:11435: checking whether to build shared libraries
configure:11456: result: yes
configure:11459: checking whether to build static libraries
configure:11463: result: yes
configure:11504: checking for ANSI C header files
configure:11608: result: yes
configure:11619: checking sys/time.h usability
configure:11619: gcc -c -g -O2  conftest.c >&5
configure:11619: $? = 0
configure:11619: result: yes
configure:11619: checking sys/time.h presence
configure:11619: gcc -E  conftest.c
configure:11619: $? = 0
configure:11619: result: yes
configure:11619: checking for sys/time.h
configure:11619: result: yes
configure:11619: checking for stdlib.h
configure:11619: result: yes
configure:11619: checking stdio.h usability
configure:11619: gcc -c -g -O2  conftest.c >&5
configure:11619: $? = 0
configure:11619: result: yes
configure:11619: checking stdio.h presence
configure:11619: gcc -E  conftest.c
configure:11619: $? = 0
configure:11619: result: yes
configure:11619: checking for stdio.h
configure:11619: result: yes
configure:11619: checking for unistd.h
configure:11619: result: yes
configure:11631: checking for an ANSI C-conforming const
configure:11696: gcc -c -g -O2  conftest.c >&5
configure:11696: $? = 0
configure:11703: result: yes
configure:11711: checking for size_t
configure:11711: gcc -c -g -O2  conftest.c >&5
configure:11711: $? = 0
configure:11711: gcc -c -g -O2  conftest.c >&5
conftest.c: In function 'main':
conftest.c:64:21: error: expected expression before ')' token
 if (sizeof ((size_t)))
                     ^
configure:11711: $? = 1
configure: failed program was:
| /* confdefs.h */
| #define PACKAGE_NAME "gdsl"
| #define PACKAGE_TARNAME "gdsl"
| #define PACKAGE_VERSION "1.8"
| #define PACKAGE_STRING "gdsl 1.8"
| #define PACKAGE_BUGREPORT "ndarnis@free.fr"
| #define PACKAGE_URL ""
| #define PACKAGE "gdsl"
| #define VERSION "1.8"
| #define STDC_HEADERS 1
| #define HAVE_SYS_TYPES_H 1
| #define HAVE_SYS_STAT_H 1
| #define HAVE_STDLIB_H 1
| #define HAVE_STRING_H 1
| #define HAVE_MEMORY_H 1
| #define HAVE_STRINGS_H 1
| #define HAVE_INTTYPES_H 1
| #define HAVE_STDINT_H 1
| #define HAVE_UNISTD_H 1
| #define HAVE_DLFCN_H 1
| #define LT_OBJDIR ".libs/"
| #define STDC_HEADERS 1
| #define HAVE_SYS_TIME_H 1
| #define HAVE_STDLIB_H 1
| #define HAVE_STDIO_H 1
| #define HAVE_UNISTD_H 1
| /* end confdefs.h.  */
| #include <stdio.h>
| #ifdef HAVE_SYS_TYPES_H
| # include <sys/types.h>
| #endif
| #ifdef HAVE_SYS_STAT_H
| # include <sys/stat.h>
| #endif
| #ifdef STDC_HEADERS
| # include <stdlib.h>
| # include <stddef.h>
| #else
| # ifdef HAVE_STDLIB_H
| #  include <stdlib.h>
| # endif
| #endif
| #ifdef HAVE_STRING_H
| # if !defined STDC_HEADERS && defined HAVE_MEMORY_H
| #  include <memory.h>
| # endif
| # include <string.h>
| #endif
| #ifdef HAVE_STRINGS_H
| # include <strings.h>
| #endif
| #ifdef HAVE_INTTYPES_H
| # include <inttypes.h>
| #endif
| #ifdef HAVE_STDINT_H
| # include <stdint.h>
| #endif
| #ifdef HAVE_UNISTD_H
| # include <unistd.h>
| #endif
| int
| main ()
| {
| if (sizeof ((size_t)))
| 	    return 0;
|   ;
|   return 0;
| }
configure:11711: result: yes
configure:11722: checking whether time.h and sys/time.h may both be included
configure:11742: gcc -c -g -O2  conftest.c >&5
configure:11742: $? = 0
configure:11749: result: yes
configure:11757: checking for ulong
configure:11757: gcc -c -g -O2  conftest.c >&5
configure:11757: $? = 0
configure:11757: gcc -c -g -O2  conftest.c >&5
conftest.c: In function 'main':
conftest.c:65:20: error: expected expression before ')' token
 if (sizeof ((ulong)))
                    ^
configure:11757: $? = 1
configure: failed program was:
| /* confdefs.h */
| #define PACKAGE_NAME "gdsl"
| #define PACKAGE_TARNAME "gdsl"
| #define PACKAGE_VERSION "1.8"
| #define PACKAGE_STRING "gdsl 1.8"
| #define PACKAGE_BUGREPORT "ndarnis@free.fr"
| #define PACKAGE_URL ""
| #define PACKAGE "gdsl"
| #define VERSION "1.8"
| #define STDC_HEADERS 1
| #define HAVE_SYS_TYPES_H 1
| #define HAVE_SYS_STAT_H 1
| #define HAVE_STDLIB_H 1
| #define HAVE_STRING_H 1
| #define HAVE_MEMORY_H 1
| #define HAVE_STRINGS_H 1
| #define HAVE_INTTYPES_H 1
| #define HAVE_STDINT_H 1
| #define HAVE_UNISTD_H 1
| #define HAVE_DLFCN_H 1
| #define LT_OBJDIR ".libs/"
| #define STDC_HEADERS 1
| #define HAVE_SYS_TIME_H 1
| #define HAVE_STDLIB_H 1
| #define HAVE_STDIO_H 1
| #define HAVE_UNISTD_H 1
| #define TIME_WITH_SYS_TIME 1
| /* end confdefs.h.  */
| #include <stdio.h>
| #ifdef HAVE_SYS_TYPES_H
| # include <sys/types.h>
| #endif
| #ifdef HAVE_SYS_STAT_H
| # include <sys/stat.h>
| #endif
| #ifdef STDC_HEADERS
| # include <stdlib.h>
| # include <stddef.h>
| #else
| # ifdef HAVE_STDLIB_H
| #  include <stdlib.h>
| # endif
| #endif
| #ifdef HAVE_STRING_H
| # if !defined STDC_HEADERS && defined HAVE_MEMORY_H
| #  include <memory.h>
| # endif
| # include <string.h>
| #endif
| #ifdef HAVE_STRINGS_H
| # include <strings.h>
| #endif
| #ifdef HAVE_INTTYPES_H
| # include <inttypes.h>
| #endif
| #ifdef HAVE_STDINT_H
| # include <stdint.h>
| #endif
| #ifdef HAVE_UNISTD_H
| # include <unistd.h>
| #endif
| int
| main ()
| {
| if (sizeof ((ulong)))
| 	    return 0;
|   ;
|   return 0;
| }
configure:11757: result: yes
configure:11762: checking for ushort
configure:11762: gcc -c -g -O2  conftest.c >&5
configure:11762: $? = 0
configure:11762: gcc -c -g -O2  conftest.c >&5
conftest.c: In function 'main':
conftest.c:65:21: error: expected expression before ')' token
 if (sizeof ((ushort)))
                     ^
configure:11762: $? = 1
configure: failed program was:
| /* confdefs.h */
| #define PACKAGE_NAME "gdsl"
| #define PACKAGE_TARNAME "gdsl"
| #define PACKAGE_VERSION "1.8"
| #define PACKAGE_STRING "gdsl 1.8"
| #define PACKAGE_BUGREPORT "ndarnis@free.fr"
| #define PACKAGE_URL ""
| #define PACKAGE "gdsl"
| #define VERSION "1.8"
| #define STDC_HEADERS 1
| #define HAVE_SYS_TYPES_H 1
| #define HAVE_SYS_STAT_H 1
| #define HAVE_STDLIB_H 1
| #define HAVE_STRING_H 1
| #define HAVE_MEMORY_H 1
| #define HAVE_STRINGS_H 1
| #define HAVE_INTTYPES_H 1
| #define HAVE_STDINT_H 1
| #define HAVE_UNISTD_H 1
| #define HAVE_DLFCN_H 1
| #define LT_OBJDIR ".libs/"
| #define STDC_HEADERS 1
| #define HAVE_SYS_TIME_H 1
| #define HAVE_STDLIB_H 1
| #define HAVE_STDIO_H 1
| #define HAVE_UNISTD_H 1
| #define TIME_WITH_SYS_TIME 1
| /* end confdefs.h.  */
| #include <stdio.h>
| #ifdef HAVE_SYS_TYPES_H
| # include <sys/types.h>
| #endif
| #ifdef HAVE_SYS_STAT_H
| # include <sys/stat.h>
| #endif
| #ifdef STDC_HEADERS
| # include <stdlib.h>
| # include <stddef.h>
| #else
| # ifdef HAVE_STDLIB_H
| #  include <stdlib.h>
| # endif
| #endif
| #ifdef HAVE_STRING_H
| # if !defined STDC_HEADERS && defined HAVE_MEMORY_H
| #  include <memory.h>
| # endif
| # include <string.h>
| #endif
| #ifdef HAVE_STRINGS_H
| # include <strings.h>
| #endif
| #ifdef HAVE_INTTYPES_H
| # include <inttypes.h>
| #endif
| #ifdef HAVE_STDINT_H
| # include <stdint.h>
| #endif
| #ifdef HAVE_UNISTD_H
| # include <unistd.h>
| #endif
| int
| main ()
| {
| if (sizeof ((ushort)))
| 	    return 0;
|   ;
|   return 0;
| }
configure:11762: result: yes
configure:11768: checking for size_t
configure:11768: result: yes
configure:11779: checking for an ANSI C-conforming const
configure:11851: result: yes
configure:11859: checking for inline
configure:11875: gcc -c -g -O2  conftest.c >&5
configure:11875: $? = 0
configure:11883: result: inline
configure:11905: checking for working alloca.h
configure:11922: gcc -o conftest -g -O2   conftest.c  >&5
configure:11922: $? = 0
configure:11930: result: yes
configure:11938: checking for alloca
configure:11975: gcc -o conftest -g -O2   conftest.c  >&5
configure:11975: $? = 0
configure:11983: result: yes
configure:12095: checking for gettimeofday
configure:12095: gcc -o conftest -g -O2   conftest.c  >&5
configure:12095: $? = 0
configure:12095: result: yes
configure:12095: checking for strdup
configure:12095: gcc -o conftest -g -O2   conftest.c  >&5
conftest.c:55:6: warning: conflicting types for built-in function 'strdup'
 char strdup ();
      ^
configure:12095: $? = 0
configure:12095: result: yes
configure:12106: checking whether your compiler is gcc
configure:12112: result: yes... -Wall -Wstrict-prototypes added.
configure:12131: checking whether to enable debuging features
configure:12138: result: no
configure:12314: creating ./config.status

## ---------------------- ##
## Running config.status. ##
## ---------------------- ##

This file was extended by gdsl config.status 1.8, which was
generated by GNU Autoconf 2.68.  Invocation command line was

  CONFIG_FILES    = 
  CONFIG_HEADERS  = 
  CONFIG_LINKS    = 
  CONFIG_COMMANDS = 
  $ ./config.status 

on Idenna

config.status:1113: creating gdsl.spec
config.status:1113: creating gdsl-config
config.status:1113: creating src/Makefile
config.status:1113: creating src/mainpage.h
config.status:1113: creating src/examples/Makefile
config.status:1113: creating doc/Makefile
config.status:1113: creating doc/Doxyfile
config.status:1113: creating doc/man3/Makefile
config.status:1113: creating doc/html/Makefile
config.status:1113: creating doc/latex/Makefile
config.status:1113: creating Makefile
config.status:1113: creating config.h
config.status:1342: executing depfiles commands
config.status:1342: executing libtool commands

## ---------------- ##
## Cache variables. ##
## ---------------- ##

ac_cv_build=x86_64-unknown-linux-gnu
ac_cv_c_compiler_gnu=yes
ac_cv_c_const=yes
ac_cv_c_inline=inline
ac_cv_env_CC_set=
ac_cv_env_CC_value=
ac_cv_env_CFLAGS_set=
ac_cv_env_CFLAGS_value=
ac_cv_env_CPPFLAGS_set=
ac_cv_env_CPPFLAGS_value=
ac_cv_env_CPP_set=
ac_cv_env_CPP_value=
ac_cv_env_LDFLAGS_set=
ac_cv_env_LDFLAGS_value=
ac_cv_env_LIBS_set=
ac_cv_env_LIBS_value=
ac_cv_env_build_alias_set=
ac_cv_env_build_alias_value=
ac_cv_env_host_alias_set=
ac_cv_env_host_alias_value=
ac_cv_env_target_alias_set=
ac_cv_env_target_alias_value=
ac_cv_func_alloca_works=yes
ac_cv_func_gettimeofday=yes
ac_cv_func_strdup=yes
ac_cv_header_dlfcn_h=yes
ac_cv_header_inttypes_h=yes
ac_cv_header_memory_h=yes
ac_cv_header_stdc=yes
ac_cv_header_stdint_h=yes
ac_cv_header_stdio_h=yes
ac_cv_header_stdlib_h=yes
ac_cv_header_string_h=yes
ac_cv_header_strings_h=yes
ac_cv_header_sys_stat_h=yes
ac_cv_header_sys_time_h=yes
ac_cv_header_sys_types_h=yes
ac_cv_header_time=yes
ac_cv_header_unistd_h=yes
ac_cv_host=x86_64-unknown-linux-gnu
ac_cv_objext=o
ac_cv_path_EGREP='/usr/bin/grep -E'
ac_cv_path_FGREP='/usr/bin/grep -F'
ac_cv_path_GREP=/usr/bin/grep
ac_cv_path_SED=/usr/bin/sed
ac_cv_path_install='/usr/bin/install -c'
ac_cv_path_mkdir=/usr/bin/mkdir
ac_cv_prog_AWK=gawk
ac_cv_prog_CPP='gcc -E'
ac_cv_prog_ac_ct_AR=ar
ac_cv_prog_ac_ct_CC=gcc
ac_cv_prog_ac_ct_OBJDUMP=objdump
ac_cv_prog_ac_ct_RANLIB=ranlib
ac_cv_prog_ac_ct_STRIP=strip
ac_cv_prog_cc_c89=
ac_cv_prog_cc_g=yes
ac_cv_prog_make_make_set=yes
ac_cv_type_size_t=yes
ac_cv_type_ulong=yes
ac_cv_type_ushort=yes
ac_cv_working_alloca_h=yes
am_cv_CC_dependencies_compiler_type=gcc3
lt_cv_ar_at_file=@
lt_cv_archive_cmds_need_lc=no
lt_cv_deplibs_check_method=pass_all
lt_cv_file_magic_cmd='$MAGIC_CMD'
lt_cv_file_magic_test_file=
lt_cv_ld_reload_flag=-r
lt_cv_nm_interface='BSD nm'
lt_cv_objdir=.libs
lt_cv_path_LD=/usr/bin/ld
lt_cv_path_NM='/usr/bin/nm -B'
lt_cv_path_mainfest_tool=no
lt_cv_prog_compiler_c_o=yes
lt_cv_prog_compiler_pic='-fPIC -DPIC'
lt_cv_prog_compiler_pic_works=yes
lt_cv_prog_compiler_rtti_exceptions=no
lt_cv_prog_compiler_static_works=yes
lt_cv_prog_gnu_ld=yes
lt_cv_sharedlib_from_linklib_cmd='printf %s\n'
lt_cv_shlibpath_overrides_runpath=no
lt_cv_sys_global_symbol_pipe='sed -n -e '\''s/^.*[	 ]\([ABCDGIRSTW][ABCDGIRSTW]*\)[	 ][	 ]*\([_A-Za-z][_A-Za-z0-9]*\)$/\1 \2 \2/p'\'' | sed '\''/ __gnu_lto/d'\'''
lt_cv_sys_global_symbol_to_c_name_address='sed -n -e '\''s/^: \([^ ]*\)[ ]*$/  {\"\1\", (void *) 0},/p'\'' -e '\''s/^[ABCDGIRSTW]* \([^ ]*\) \([^ ]*\)$/  {"\2", (void *) \&\2},/p'\'''
lt_cv_sys_global_symbol_to_c_name_address_lib_prefix='sed -n -e '\''s/^: \([^ ]*\)[ ]*$/  {\"\1\", (void *) 0},/p'\'' -e '\''s/^[ABCDGIRSTW]* \([^ ]*\) \(lib[^ ]*\)$/  {"\2", (void *) \&\2},/p'\'' -e '\''s/^[ABCDGIRSTW]* \([^ ]*\) \([^ ]*\)$/  {"lib\2", (void *) \&\2},/p'\'''
lt_cv_sys_global_symbol_to_cdecl='sed -n -e '\''s/^T .* \(.*\)$/extern int \1();/p'\'' -e '\''s/^[ABCDGIRSTW]* .* \(.*\)$/extern char \1;/p'\'''
lt_cv_sys_max_cmd_len=1572864
lt_cv_to_host_file_cmd=func_convert_file_noop
lt_cv_to_tool_file_cmd=func_convert_file_noop

## ----------------- ##
## Output variables. ##
## ----------------- ##

ACLOCAL='${SHELL} /home/spacekookie/Downloads/gdsl-1.8/missing --run aclocal-1.11'
ALLOCA=''
AMDEPBACKSLASH='\'
AMDEP_FALSE='#'
AMDEP_TRUE=''
AMTAR='$${TAR-tar}'
AR='ar'
AUTOCONF='${SHELL} /home/spacekookie/Downloads/gdsl-1.8/missing --run autoconf'
AUTOHEADER='${SHELL} /home/spacekookie/Downloads/gdsl-1.8/missing --run autoheader'
AUTOMAKE='${SHELL} /home/spacekookie/Downloads/gdsl-1.8/missing --run automake-1.11'
AWK='gawk'
CC='gcc'
CCDEPMODE='depmode=gcc3'
CFLAGS='-Wall -Wstrict-prototypes -g -O2'
CPP='gcc -E'
CPPFLAGS='-D_REENTRANT -D_THREAD_SAFE -D_GNU_SOURCE -pedantic '
CYGPATH_W='echo'
DEFS='-DHAVE_CONFIG_H'
DEPDIR='.deps'
DLLTOOL='false'
DSYMUTIL=''
DUMPBIN=''
ECHO_C=''
ECHO_N='-n'
ECHO_T=''
EGREP='/usr/bin/grep -E'
EXEEXT=''
FGREP='/usr/bin/grep -F'
GDSL_CFLAGS='-I${prefix}/include/gdsl'
GDSL_LIBS='-L${exec_prefix}/lib -lgdsl'
GDSL_LT_VERSION='1:8:0'
GREP='/usr/bin/grep'
INSTALL_DATA='${INSTALL} -m 644'
INSTALL_PROGRAM='${INSTALL}'
INSTALL_SCRIPT='${INSTALL}'
INSTALL_STRIP_PROGRAM='$(install_sh) -c -s'
LD='/usr/bin/ld -m elf_x86_64'
LDFLAGS=''
LIBOBJS=''
LIBS=''
LIBTOOL='$(SHELL) $(top_builddir)/libtool'
LIPO=''
LN_S='ln -s'
LTLIBOBJS=''
MAKEINFO='${SHELL} /home/spacekookie/Downloads/gdsl-1.8/missing --run makeinfo'
MANIFEST_TOOL=':'
MKDIR_P='/usr/bin/mkdir -p'
NM='/usr/bin/nm -B'
NMEDIT=''
OBJDUMP='objdump'
OBJEXT='o'
OTOOL64=''
OTOOL=''
PACKAGE='gdsl'
PACKAGE_BUGREPORT='ndarnis@free.fr'
PACKAGE_NAME='gdsl'
PACKAGE_STRING='gdsl 1.8'
PACKAGE_TARNAME='gdsl'
PACKAGE_URL=''
PACKAGE_VERSION='1.8'
PATH_SEPARATOR=':'
RANLIB='ranlib'
SED='/usr/bin/sed'
SET_MAKE=''
SHELL='/bin/sh'
STRIP='strip'
VERSION='1.8'
ac_ct_AR='ar'
ac_ct_CC='gcc'
ac_ct_DUMPBIN=''
am__EXEEXT_FALSE=''
am__EXEEXT_TRUE='#'
am__fastdepCC_FALSE='#'
am__fastdepCC_TRUE=''
am__include='include'
am__isrc=''
am__leading_dot='.'
am__nodep='_no'
am__quote=''
am__tar='$${TAR-tar} chof - "$$tardir"'
am__untar='$${TAR-tar} xf -'
bindir='${exec_prefix}/bin'
build='x86_64-unknown-linux-gnu'
build_alias=''
build_cpu='x86_64'
build_os='linux-gnu'
build_vendor='unknown'
datadir='${datarootdir}'
datarootdir='${prefix}/share'
docdir='${datarootdir}/doc/${PACKAGE_TARNAME}'
dvidir='${docdir}'
exec_prefix='${prefix}'
host='x86_64-unknown-linux-gnu'
host_alias=''
host_cpu='x86_64'
host_os='linux-gnu'
host_vendor='unknown'
htmldir='${docdir}'
includedir='${prefix}/include'
infodir='${datarootdir}/info'
install_sh='${SHELL} /home/spacekookie/Downloads/gdsl-1.8/install-sh'
libdir='${exec_prefix}/lib'
libexecdir='${exec_prefix}/libexec'
localedir='${datarootdir}/locale'
localstatedir='${prefix}/var'
mandir='${datarootdir}/man'
mkdir_p='/usr/bin/mkdir -p'
oldincludedir='/usr/include'
pdfdir='${docdir}'
prefix='/usr/local'
program_transform_name='s,x,x,'
psdir='${docdir}'
sbindir='${exec_prefix}/sbin'
sharedstatedir='${prefix}/com'
sysconfdir='${prefix}/etc'
target_alias=''

## ----------- ##
## confdefs.h. ##
## ----------- ##

/* confdefs.h */
#define PACKAGE_NAME "gdsl"
#define PACKAGE_TARNAME "gdsl"
#define PACKAGE_VERSION "1.8"
#define PACKAGE_STRING "gdsl 1.8"
#define PACKAGE_BUGREPORT "ndarnis@free.fr"
#define PACKAGE_URL ""
#define PACKAGE "gdsl"
#define VERSION "1.8"
#define STDC_HEADERS 1
#define HAVE_SYS_TYPES_H 1
#define HAVE_SYS_STAT_H 1
#define HAVE_STDLIB_H 1
#define HAVE_STRING_H 1
#define HAVE_MEMORY_H 1
#define HAVE_STRINGS_H 1
#define HAVE_INTTYPES_H 1
#define HAVE_STDINT_H 1
#define HAVE_UNISTD_H 1
#define HAVE_DLFCN_H 1
#define LT_OBJDIR ".libs/"
#define STDC_HEADERS 1
#define HAVE_SYS_TIME_H 1
#define HAVE_STDLIB_H 1
#define HAVE_STDIO_H 1
#define HAVE_UNISTD_H 1
#define TIME_WITH_SYS_TIME 1
#define HAVE_ALLOCA_H 1
#define HAVE_ALLOCA 1
#define HAVE_GETTIMEOFDAY 1
#define HAVE_STRDUP 1
#define HAVE_LINUX 1

configure: exit 0
